<?xml version="1.0" encoding="UTF-8"?>
<testsuite xmlns:xsi="http://www.w3.org/2001/XMLSchema-instance" xsi:noNamespaceSchemaLocation="https://maven.apache.org/surefire/maven-surefire-plugin/xsd/surefire-test-report.xsd" name="com.apps.quantitymeasurement.QuantityMeasurementAppTest" time="0.05" tests="6" errors="0" skipped="0" failures="0">
  <properties>
[...]
</properties>
  <testcase name="shouldAnswerWithTrue" classname="com.apps.quantitymeasurement.QuantityMeasurementAppTest" time="0.004"/>
  <testcase name="testFeetEquality_SameReferance" classname="com.apps.quantitymeasurement.QuantityMeasurementAppTest" time="0"/>
  <testcase name="testFeetEquality_DifferentClass" classname="com.apps.quantitymeasurement.QuantityMeasurementAppTest" time="0"/>
  <testcase name="testFeetEquality_DifferentValue" classname="com.apps.quantitymeasurement.QuantityMeasurementAppTest" time="0.001"/>
  <testcase name="testFeetEquality_NullComparison" classname="com.apps.quantitymeasurement.QuantityMeasurementAppTest" time="0"/>
  <testcase name="testFeetEquality_SameValue" classname="com.apps.quantitymeasurement.QuantityMeasurementAppTest" time="0"/>
</testsuite>