<?xml version="1.0" encoding="UTF-8"?>
<testsuite xmlns:xsi="http://www.w3.org/2001/XMLSchema-instance" xsi:noNamespaceSchemaLocation="https://maven.apache.org/surefire/maven-surefire-plugin/xsd/surefire-test-report.xsd" name="com.apps.quantitymeasurement.QuantityMeasurementAppTest" time="0.042" tests="37" errors="0" skipped="0" failures="0">
  <properties>
[...]
</properties>
  <testcase name="testEquality_YardToFeet_NonEquivalentValue" classname="com.apps.quantitymeasurement.QuantityMeasurementAppTest" time="0.004"/>
  <testcase name="testEquality_CentimetersToInches_EquivalentValue" classname="com.apps.quantitymeasurement.QuantityMeasurementAppTest" time="0"/>
  <testcase name="testEquality_FeetToYard_EquivalentValue" classname="com.apps.quantitymeasurement.QuantityMeasurementAppTest" time="0"/>
  <testcase name="testEquality_InchToInch_SameValue" classname="com.apps.quantitymeasurement.QuantityMeasurementAppTest" time="0"/>
  <testcase name="testEquality_AllUnits_ComplexScenario" classname="com.apps.quantitymeasurement.QuantityMeasurementAppTest" time="0"/>
  <testcase name="testEquality_CentimetersNullComparison" classname="com.apps.quantitymeasurement.QuantityMeasurementAppTest" time="0"/>
  <testcase name="shouldAnswerWithTrue" classname="com.apps.quantitymeasurement.QuantityMeasurementAppTest" time="0"/>
  <testcase name="testFeetEquality_DifferentClass2" classname="com.apps.quantitymeasurement.QuantityMeasurementAppTest" time="0.001"/>
  <testcase name="testEquality_FeetInchesComparison" classname="com.apps.quantitymeasurement.QuantityMeasurementAppTest" time="0.001"/>
  <testcase name="testEquality_CentimetersSameReference" classname="com.apps.quantitymeasurement.QuantityMeasurementAppTest" time="0"/>
  <testcase name="testEquality_YardWithNullUnit" classname="com.apps.quantitymeasurement.QuantityMeasurementAppTest" time="0.001"/>
  <testcase name="testEquality_YardToInches_EquivalentValue" classname="com.apps.quantitymeasurement.QuantityMeasurementAppTest" time="0"/>
  <testcase name="testInchesEquality_SameReferance" classname="com.apps.quantitymeasurement.QuantityMeasurementAppTest" time="0.001"/>
  <testcase name="testFeetEquality_SameReferance" classname="com.apps.quantitymeasurement.QuantityMeasurementAppTest" time="0.001"/>
  <testcase name="testEquality_YardToFeet_EquivalentValue" classname="com.apps.quantitymeasurement.QuantityMeasurementAppTest" time="0"/>
  <testcase name="testEquality_CentimetersWithNullUnit" classname="com.apps.quantitymeasurement.QuantityMeasurementAppTest" time="0"/>
  <testcase name="testIncesEquality_SameValue" classname="com.apps.quantitymeasurement.QuantityMeasurementAppTest" time="0"/>
  <testcase name="testEquality_CentimetersToFeet_NonEquivalentValue" classname="com.apps.quantitymeasurement.QuantityMeasurementAppTest" time="0"/>
  <testcase name="testInchesEquality_DifferentClass" classname="com.apps.quantitymeasurement.QuantityMeasurementAppTest" time="0"/>
  <testcase name="testInchesEquality_NullComparison" classname="com.apps.quantitymeasurement.QuantityMeasurementAppTest" time="0"/>
  <testcase name="testEquality_InchesToYard_EquivalentValue" classname="com.apps.quantitymeasurement.QuantityMeasurementAppTest" time="0.001"/>
  <testcase name="testEquality_YardSameReference" classname="com.apps.quantitymeasurement.QuantityMeasurementAppTest" time="0"/>
  <testcase name="testEquality_FeetToFeet_SameValue" classname="com.apps.quantitymeasurement.QuantityMeasurementAppTest" time="0"/>
  <testcase name="testEquality_YardToYard_SameValue" classname="com.apps.quantitymeasurement.QuantityMeasurementAppTest" time="0"/>
  <testcase name="testEquality_YardToYard_DifferentValue" classname="com.apps.quantitymeasurement.QuantityMeasurementAppTest" time="0"/>
  <testcase name="testInchesEquality_DifferentClass2" classname="com.apps.quantitymeasurement.QuantityMeasurementAppTest" time="0"/>
  <testcase name="testFeetEquality_DifferentClass" classname="com.apps.quantitymeasurement.QuantityMeasurementAppTest" time="0"/>
  <testcase name="testFeetEquality_DifferentValue" classname="com.apps.quantitymeasurement.QuantityMeasurementAppTest" time="0.001"/>
  <testcase name="testEquality_MultiUnit_TransitiveProperty" classname="com.apps.quantitymeasurement.QuantityMeasurementAppTest" time="0"/>
  <testcase name="testFeetEquality_NullComparison" classname="com.apps.quantitymeasurement.QuantityMeasurementAppTest" time="0"/>
  <testcase name="testFeetEquality_SameValue" classname="com.apps.quantitymeasurement.QuantityMeasurementAppTest" time="0"/>
  <testcase name="testEquality_YardNullComparison" classname="com.apps.quantitymeasurement.QuantityMeasurementAppTest" time="0"/>
  <testcase name="testEquality_FeetIneuality" classname="com.apps.quantitymeasurement.QuantityMeasurementAppTest" time="0.001"/>
  <testcase name="testEquality_NullComparison" classname="com.apps.quantitymeasurement.QuantityMeasurementAppTest" time="0"/>
  <testcase name="testIncesEquality_DifferentValue" classname="com.apps.quantitymeasurement.QuantityMeasurementAppTest" time="0"/>
  <testcase name="testEquality_CrossUnitInequality" classname="com.apps.quantitymeasurement.QuantityMeasurementAppTest" time="0.001"/>
  <testcase name="testEquality_InchesIneuality" classname="com.apps.quantitymeasurement.QuantityMeasurementAppTest" time="0"/>
</testsuite>